  ArrowKeyGameDlg.cpp
C:\Users\ParkJT\source\repos\ZombieGame\ArrowKeyGameDlg.cpp(38,11): warning C4101: 'm_nTimerID' :참조되지 않은 지역 변수입니다.
  (소스 파일 '/ArrowKeyGameDlg.cpp'을(를) 컴파일하는 중)
  
C:\Users\ParkJT\source\repos\ZombieGame\ArrowKeyGameDlg.cpp(76,16): warning C4244: '인수': 'double'에서 'int'(으)로 변환하면서 데이터가 손실될 수 있습니다.
  (소스 파일 '/ArrowKeyGameDlg.cpp'을(를) 컴파일하는 중)
  
C:\Users\ParkJT\source\repos\ZombieGame\ArrowKeyGameDlg.cpp(75,16): warning C4244: '인수': 'double'에서 'int'(으)로 변환하면서 데이터가 손실될 수 있습니다.
  (소스 파일 '/ArrowKeyGameDlg.cpp'을(를) 컴파일하는 중)
  
C:\Users\ParkJT\source\repos\ZombieGame\ArrowKeyGameDlg.cpp(95,12): warning C4244: '인수': 'double'에서 'int'(으)로 변환하면서 데이터가 손실될 수 있습니다.
  (소스 파일 '/ArrowKeyGameDlg.cpp'을(를) 컴파일하는 중)
  
C:\Users\ParkJT\source\repos\ZombieGame\ArrowKeyGameDlg.cpp(94,12): warning C4244: '인수': 'double'에서 'int'(으)로 변환하면서 데이터가 손실될 수 있습니다.
  (소스 파일 '/ArrowKeyGameDlg.cpp'을(를) 컴파일하는 중)
  
C:\Users\ParkJT\source\repos\ZombieGame\ArrowKeyGameDlg.cpp(103,13): warning C4244: '인수': 'double'에서 'int'(으)로 변환하면서 데이터가 손실될 수 있습니다.
  (소스 파일 '/ArrowKeyGameDlg.cpp'을(를) 컴파일하는 중)
  
C:\Users\ParkJT\source\repos\ZombieGame\ArrowKeyGameDlg.cpp(102,29): warning C4244: '인수': 'double'에서 'int'(으)로 변환하면서 데이터가 손실될 수 있습니다.
  (소스 파일 '/ArrowKeyGameDlg.cpp'을(를) 컴파일하는 중)
  
C:\Users\ParkJT\source\repos\ZombieGame\ArrowKeyGameDlg.cpp(118,27): warning C4244: '인수': 'double'에서 'int'(으)로 변환하면서 데이터가 손실될 수 있습니다.
  (소스 파일 '/ArrowKeyGameDlg.cpp'을(를) 컴파일하는 중)
  
C:\Users\ParkJT\source\repos\ZombieGame\ArrowKeyGameDlg.cpp(117,42): warning C4244: '인수': 'double'에서 'int'(으)로 변환하면서 데이터가 손실될 수 있습니다.
  (소스 파일 '/ArrowKeyGameDlg.cpp'을(를) 컴파일하는 중)
  
C:\Users\ParkJT\source\repos\ZombieGame\ArrowKeyGameDlg.cpp(116,12): warning C4244: '인수': 'double'에서 'int'(으)로 변환하면서 데이터가 손실될 수 있습니다.
  (소스 파일 '/ArrowKeyGameDlg.cpp'을(를) 컴파일하는 중)
  
C:\Users\ParkJT\source\repos\ZombieGame\ArrowKeyGameDlg.cpp(115,42): warning C4244: '인수': 'double'에서 'int'(으)로 변환하면서 데이터가 손실될 수 있습니다.
  (소스 파일 '/ArrowKeyGameDlg.cpp'을(를) 컴파일하는 중)
  
C:\Users\ParkJT\source\repos\ZombieGame\ArrowKeyGameDlg.cpp(301,28): warning C4244: '인수': 'double'에서 'int'(으)로 변환하면서 데이터가 손실될 수 있습니다.
  (소스 파일 '/ArrowKeyGameDlg.cpp'을(를) 컴파일하는 중)
  
C:\Users\ParkJT\source\repos\ZombieGame\ArrowKeyGameDlg.cpp(301,24): warning C4244: '인수': 'double'에서 'int'(으)로 변환하면서 데이터가 손실될 수 있습니다.
  (소스 파일 '/ArrowKeyGameDlg.cpp'을(를) 컴파일하는 중)
  
  CManufacture.cpp
  CModalDlg.cpp
  CSequenceDlg.cpp
  CSurabDlg.cpp
  CZombieGameChestDlg.cpp
  CZombieGameSaveDlg.cpp
  ZombieGame.cpp
  ZombieGameDlg.cpp
  코드를 생성하고 있습니다...
  ZombieGame.vcxproj -> C:\Users\ParkJT\source\repos\ZombieGame\x64\Debug\ZombieGame.exe
